{"C:\\Users\\elias\\Documents\\Bootcamp 2026\\Semana 6\\D4\\lab-postgresql-movie-api\\index.js": {"path":"C:\\Users\\elias\\Documents\\Bootcamp 2026\\Semana 6\\D4\\lab-postgresql-movie-api\\index.js","statementMap":{"0":{"start":{"line":2,"column":0},"end":{"line":2,"column":26}},"1":{"start":{"line":3,"column":16},"end":{"line":3,"column":34}},"2":{"start":{"line":5,"column":12},"end":{"line":5,"column":21}},"3":{"start":{"line":6,"column":13},"end":{"line":6,"column":37}},"4":{"start":{"line":9,"column":0},"end":{"line":9,"column":23}},"5":{"start":{"line":12,"column":19},"end":{"line":12,"column":47}},"6":{"start":{"line":13,"column":24},"end":{"line":13,"column":57}},"7":{"start":{"line":14,"column":24},"end":{"line":14,"column":57}},"8":{"start":{"line":16,"column":0},"end":{"line":16,"column":32}},"9":{"start":{"line":17,"column":0},"end":{"line":17,"column":42}},"10":{"start":{"line":18,"column":0},"end":{"line":18,"column":42}},"11":{"start":{"line":20,"column":0},"end":{"line":22,"column":2}},"12":{"start":{"line":21,"column":2},"end":{"line":21,"column":42}},"13":{"start":{"line":25,"column":0},"end":{"line":28,"column":2}},"14":{"start":{"line":26,"column":17},"end":{"line":26,"column":38}},"15":{"start":{"line":27,"column":2},"end":{"line":27,"column":49}},"16":{"start":{"line":31,"column":0},"end":{"line":33,"column":2}},"17":{"start":{"line":32,"column":2},"end":{"line":32,"column":80}},"18":{"start":{"line":35,"column":0},"end":{"line":39,"column":1}},"19":{"start":{"line":36,"column":2},"end":{"line":38,"column":4}},"20":{"start":{"line":37,"column":4},"end":{"line":37,"column":55}},"21":{"start":{"line":41,"column":0},"end":{"line":41,"column":20}}},"fnMap":{"0":{"name":"(anonymous_0)","decl":{"start":{"line":20,"column":13},"end":{"line":20,"column":14}},"loc":{"start":{"line":20,"column":27},"end":{"line":22,"column":1}},"line":20},"1":{"name":"(anonymous_1)","decl":{"start":{"line":25,"column":8},"end":{"line":25,"column":9}},"loc":{"start":{"line":25,"column":33},"end":{"line":28,"column":1}},"line":25},"2":{"name":"(anonymous_2)","decl":{"start":{"line":31,"column":8},"end":{"line":31,"column":9}},"loc":{"start":{"line":31,"column":22},"end":{"line":33,"column":1}},"line":31},"3":{"name":"(anonymous_3)","decl":{"start":{"line":36,"column":19},"end":{"line":36,"column":20}},"loc":{"start":{"line":36,"column":25},"end":{"line":38,"column":3}},"line":36}},"branchMap":{"0":{"loc":{"start":{"line":6,"column":13},"end":{"line":6,"column":37}},"type":"binary-expr","locations":[{"start":{"line":6,"column":13},"end":{"line":6,"column":29}},{"start":{"line":6,"column":33},"end":{"line":6,"column":37}}],"line":6},"1":{"loc":{"start":{"line":26,"column":17},"end":{"line":26,"column":38}},"type":"binary-expr","locations":[{"start":{"line":26,"column":17},"end":{"line":26,"column":31}},{"start":{"line":26,"column":35},"end":{"line":26,"column":38}}],"line":26},"2":{"loc":{"start":{"line":35,"column":0},"end":{"line":39,"column":1}},"type":"if","locations":[{"start":{"line":35,"column":0},"end":{"line":39,"column":1}},{"start":{},"end":{}}],"line":35}},"s":{"0":2,"1":2,"2":2,"3":2,"4":2,"5":2,"6":2,"7":2,"8":2,"9":2,"10":2,"11":2,"12":0,"13":2,"14":8,"15":8,"16":2,"17":0,"18":2,"19":0,"20":0,"21":2},"f":{"0":0,"1":8,"2":0,"3":0},"b":{"0":[2,0],"1":[8,0],"2":[0,2]},"_coverageSchema":"1a1c01bbd47fc00a2c39e90264f33305004495a9","hash":"80890d13f162e5073bb310c9ab2ce4bd6812e9a2"}
,"C:\\Users\\elias\\Documents\\Bootcamp 2026\\Semana 6\\D4\\lab-postgresql-movie-api\\src\\__tests__\\helpers.js": {"path":"C:\\Users\\elias\\Documents\\Bootcamp 2026\\Semana 6\\D4\\lab-postgresql-movie-api\\src\\__tests__\\helpers.js","statementMap":{"0":{"start":{"line":1,"column":15},"end":{"line":1,"column":32}},"1":{"start":{"line":2,"column":12},"end":{"line":2,"column":35}},"2":{"start":{"line":3,"column":13},"end":{"line":3,"column":36}},"3":{"start":{"line":5,"column":21},"end":{"line":20,"column":1}},"4":{"start":{"line":6,"column":24},"end":{"line":6,"column":55}},"5":{"start":{"line":7,"column":19},"end":{"line":12,"column":3}},"6":{"start":{"line":13,"column":18},"end":{"line":13,"column":25}},"7":{"start":{"line":14,"column":16},"end":{"line":18,"column":3}},"8":{"start":{"line":19,"column":2},"end":{"line":19,"column":27}},"9":{"start":{"line":22,"column":22},"end":{"line":28,"column":1}},"10":{"start":{"line":23,"column":19},"end":{"line":26,"column":3}},"11":{"start":{"line":27,"column":2},"end":{"line":27,"column":16}},"12":{"start":{"line":30,"column":0},"end":{"line":30,"column":48}}},"fnMap":{"0":{"name":"(anonymous_0)","decl":{"start":{"line":5,"column":21},"end":{"line":5,"column":22}},"loc":{"start":{"line":5,"column":126},"end":{"line":20,"column":1}},"line":5},"1":{"name":"(anonymous_1)","decl":{"start":{"line":22,"column":22},"end":{"line":22,"column":23}},"loc":{"start":{"line":22,"column":92},"end":{"line":28,"column":1}},"line":22}},"branchMap":{"0":{"loc":{"start":{"line":5,"column":28},"end":{"line":5,"column":121}},"type":"default-arg","locations":[{"start":{"line":5,"column":119},"end":{"line":5,"column":121}}],"line":5},"1":{"loc":{"start":{"line":5,"column":30},"end":{"line":5,"column":50}},"type":"default-arg","locations":[{"start":{"line":5,"column":39},"end":{"line":5,"column":50}}],"line":5},"2":{"loc":{"start":{"line":5,"column":52},"end":{"line":5,"column":75}},"type":"default-arg","locations":[{"start":{"line":5,"column":60},"end":{"line":5,"column":75}}],"line":5},"3":{"loc":{"start":{"line":5,"column":77},"end":{"line":5,"column":97}},"type":"default-arg","locations":[{"start":{"line":5,"column":88},"end":{"line":5,"column":97}}],"line":5},"4":{"loc":{"start":{"line":5,"column":99},"end":{"line":5,"column":114}},"type":"default-arg","locations":[{"start":{"line":5,"column":105},"end":{"line":5,"column":114}}],"line":5},"5":{"loc":{"start":{"line":16,"column":4},"end":{"line":16,"column":43}},"type":"binary-expr","locations":[{"start":{"line":16,"column":4},"end":{"line":16,"column":26}},{"start":{"line":16,"column":30},"end":{"line":16,"column":43}}],"line":16},"6":{"loc":{"start":{"line":22,"column":29},"end":{"line":22,"column":87}},"type":"default-arg","locations":[{"start":{"line":22,"column":85},"end":{"line":22,"column":87}}],"line":22},"7":{"loc":{"start":{"line":22,"column":31},"end":{"line":22,"column":55}},"type":"default-arg","locations":[{"start":{"line":22,"column":40},"end":{"line":22,"column":55}}],"line":22},"8":{"loc":{"start":{"line":22,"column":57},"end":{"line":22,"column":68}},"type":"default-arg","locations":[{"start":{"line":22,"column":64},"end":{"line":22,"column":68}}],"line":22},"9":{"loc":{"start":{"line":22,"column":70},"end":{"line":22,"column":80}},"type":"default-arg","locations":[{"start":{"line":22,"column":77},"end":{"line":22,"column":80}}],"line":22}},"s":{"0":1,"1":1,"2":1,"3":1,"4":8,"5":8,"6":8,"7":8,"8":8,"9":1,"10":8,"11":8,"12":1},"f":{"0":8,"1":8},"b":{"0":[6],"1":[8],"2":[6],"3":[8],"4":[8],"5":[8,0],"6":[6],"7":[6],"8":[8],"9":[8]},"_coverageSchema":"1a1c01bbd47fc00a2c39e90264f33305004495a9","hash":"ef53d56f2cd98f68defbb3edb1379aaad2ebb1e1"}
,"C:\\Users\\elias\\Documents\\Bootcamp 2026\\Semana 6\\D4\\lab-postgresql-movie-api\\src\\config\\db.js": {"path":"C:\\Users\\elias\\Documents\\Bootcamp 2026\\Semana 6\\D4\\lab-postgresql-movie-api\\src\\config\\db.js","statementMap":{"0":{"start":{"line":1,"column":17},"end":{"line":1,"column":30}},"1":{"start":{"line":3,"column":13},"end":{"line":11,"column":2}},"2":{"start":{"line":13,"column":0},"end":{"line":13,"column":21}}},"fnMap":{},"branchMap":{"0":{"loc":{"start":{"line":4,"column":8},"end":{"line":4,"column":42}},"type":"binary-expr","locations":[{"start":{"line":4,"column":8},"end":{"line":4,"column":27}},{"start":{"line":4,"column":31},"end":{"line":4,"column":42}}],"line":4},"1":{"loc":{"start":{"line":5,"column":8},"end":{"line":5,"column":35}},"type":"binary-expr","locations":[{"start":{"line":5,"column":8},"end":{"line":5,"column":27}},{"start":{"line":5,"column":31},"end":{"line":5,"column":35}}],"line":5},"2":{"loc":{"start":{"line":6,"column":12},"end":{"line":8,"column":25}},"type":"cond-expr","locations":[{"start":{"line":7,"column":6},"end":{"line":7,"column":30}},{"start":{"line":8,"column":6},"end":{"line":8,"column":25}}],"line":6}},"s":{"0":2,"1":2,"2":2},"f":{},"b":{"0":[2,0],"1":[2,0],"2":[2,0]},"_coverageSchema":"1a1c01bbd47fc00a2c39e90264f33305004495a9","hash":"98399fd36c646cff7c98ef4fabe8e1d76daeb2c8"}
,"C:\\Users\\elias\\Documents\\Bootcamp 2026\\Semana 6\\D4\\lab-postgresql-movie-api\\src\\controllers\\authController.js": {"path":"C:\\Users\\elias\\Documents\\Bootcamp 2026\\Semana 6\\D4\\lab-postgresql-movie-api\\src\\controllers\\authController.js","statementMap":{"0":{"start":{"line":1,"column":15},"end":{"line":1,"column":32}},"1":{"start":{"line":2,"column":12},"end":{"line":2,"column":35}},"2":{"start":{"line":3,"column":13},"end":{"line":3,"column":36}},"3":{"start":{"line":4,"column":17},"end":{"line":4,"column":45}},"4":{"start":{"line":6,"column":20},"end":{"line":6,"column":22}},"5":{"start":{"line":8,"column":21},"end":{"line":18,"column":1}},"6":{"start":{"line":9,"column":2},"end":{"line":17,"column":3}},"7":{"start":{"line":21,"column":17},"end":{"line":59,"column":1}},"8":{"start":{"line":22,"column":2},"end":{"line":58,"column":3}},"9":{"start":{"line":23,"column":45},"end":{"line":23,"column":53}},"10":{"start":{"line":25,"column":4},"end":{"line":27,"column":5}},"11":{"start":{"line":26,"column":6},"end":{"line":26,"column":74}},"12":{"start":{"line":29,"column":4},"end":{"line":31,"column":5}},"13":{"start":{"line":30,"column":6},"end":{"line":30,"column":79}},"14":{"start":{"line":34,"column":19},"end":{"line":34,"column":88}},"15":{"start":{"line":35,"column":4},"end":{"line":37,"column":5}},"16":{"start":{"line":36,"column":6},"end":{"line":36,"column":67}},"17":{"start":{"line":39,"column":26},"end":{"line":39,"column":66}},"18":{"start":{"line":42,"column":21},"end":{"line":42,"column":58}},"19":{"start":{"line":44,"column":21},"end":{"line":49,"column":5}},"20":{"start":{"line":51,"column":20},"end":{"line":51,"column":27}},"21":{"start":{"line":52,"column":18},"end":{"line":52,"column":39}},"22":{"start":{"line":54,"column":4},"end":{"line":54,"column":44}},"23":{"start":{"line":57,"column":4},"end":{"line":57,"column":13}},"24":{"start":{"line":62,"column":14},"end":{"line":101,"column":1}},"25":{"start":{"line":63,"column":2},"end":{"line":100,"column":3}},"26":{"start":{"line":64,"column":32},"end":{"line":64,"column":40}},"27":{"start":{"line":66,"column":4},"end":{"line":68,"column":5}},"28":{"start":{"line":67,"column":6},"end":{"line":67,"column":66}},"29":{"start":{"line":70,"column":21},"end":{"line":73,"column":5}},"30":{"start":{"line":75,"column":4},"end":{"line":77,"column":5}},"31":{"start":{"line":76,"column":6},"end":{"line":76,"column":57}},"32":{"start":{"line":79,"column":20},"end":{"line":79,"column":27}},"33":{"start":{"line":80,"column":27},"end":{"line":80,"column":80}},"34":{"start":{"line":82,"column":4},"end":{"line":84,"column":5}},"35":{"start":{"line":83,"column":6},"end":{"line":83,"column":57}},"36":{"start":{"line":86,"column":18},"end":{"line":86,"column":39}},"37":{"start":{"line":88,"column":4},"end":{"line":96,"column":6}},"38":{"start":{"line":99,"column":4},"end":{"line":99,"column":13}},"39":{"start":{"line":104,"column":15},"end":{"line":119,"column":1}},"40":{"start":{"line":105,"column":2},"end":{"line":118,"column":3}},"41":{"start":{"line":106,"column":21},"end":{"line":109,"column":5}},"42":{"start":{"line":111,"column":4},"end":{"line":113,"column":5}},"43":{"start":{"line":112,"column":6},"end":{"line":112,"column":54}},"44":{"start":{"line":115,"column":4},"end":{"line":115,"column":21}},"45":{"start":{"line":117,"column":4},"end":{"line":117,"column":13}},"46":{"start":{"line":121,"column":0},"end":{"line":121,"column":44}}},"fnMap":{"0":{"name":"(anonymous_0)","decl":{"start":{"line":8,"column":21},"end":{"line":8,"column":22}},"loc":{"start":{"line":8,"column":34},"end":{"line":18,"column":1}},"line":8},"1":{"name":"(anonymous_1)","decl":{"start":{"line":21,"column":17},"end":{"line":21,"column":18}},"loc":{"start":{"line":21,"column":43},"end":{"line":59,"column":1}},"line":21},"2":{"name":"(anonymous_2)","decl":{"start":{"line":62,"column":14},"end":{"line":62,"column":15}},"loc":{"start":{"line":62,"column":40},"end":{"line":101,"column":1}},"line":62},"3":{"name":"(anonymous_3)","decl":{"start":{"line":104,"column":15},"end":{"line":104,"column":16}},"loc":{"start":{"line":104,"column":41},"end":{"line":119,"column":1}},"line":104}},"branchMap":{"0":{"loc":{"start":{"line":16,"column":17},"end":{"line":16,"column":52}},"type":"binary-expr","locations":[{"start":{"line":16,"column":17},"end":{"line":16,"column":43}},{"start":{"line":16,"column":47},"end":{"line":16,"column":52}}],"line":16},"1":{"loc":{"start":{"line":25,"column":4},"end":{"line":27,"column":5}},"type":"if","locations":[{"start":{"line":25,"column":4},"end":{"line":27,"column":5}},{"start":{},"end":{}}],"line":25},"2":{"loc":{"start":{"line":25,"column":8},"end":{"line":25,"column":38}},"type":"binary-expr","locations":[{"start":{"line":25,"column":8},"end":{"line":25,"column":15}},{"start":{"line":25,"column":19},"end":{"line":25,"column":25}},{"start":{"line":25,"column":29},"end":{"line":25,"column":38}}],"line":25},"3":{"loc":{"start":{"line":29,"column":4},"end":{"line":31,"column":5}},"type":"if","locations":[{"start":{"line":29,"column":4},"end":{"line":31,"column":5}},{"start":{},"end":{}}],"line":29},"4":{"loc":{"start":{"line":35,"column":4},"end":{"line":37,"column":5}},"type":"if","locations":[{"start":{"line":35,"column":4},"end":{"line":37,"column":5}},{"start":{},"end":{}}],"line":35},"5":{"loc":{"start":{"line":42,"column":21},"end":{"line":42,"column":58}},"type":"cond-expr","locations":[{"start":{"line":42,"column":39},"end":{"line":42,"column":46}},{"start":{"line":42,"column":49},"end":{"line":42,"column":58}}],"line":42},"6":{"loc":{"start":{"line":66,"column":4},"end":{"line":68,"column":5}},"type":"if","locations":[{"start":{"line":66,"column":4},"end":{"line":68,"column":5}},{"start":{},"end":{}}],"line":66},"7":{"loc":{"start":{"line":66,"column":8},"end":{"line":66,"column":27}},"type":"binary-expr","locations":[{"start":{"line":66,"column":8},"end":{"line":66,"column":14}},{"start":{"line":66,"column":18},"end":{"line":66,"column":27}}],"line":66},"8":{"loc":{"start":{"line":75,"column":4},"end":{"line":77,"column":5}},"type":"if","locations":[{"start":{"line":75,"column":4},"end":{"line":77,"column":5}},{"start":{},"end":{}}],"line":75},"9":{"loc":{"start":{"line":82,"column":4},"end":{"line":84,"column":5}},"type":"if","locations":[{"start":{"line":82,"column":4},"end":{"line":84,"column":5}},{"start":{},"end":{}}],"line":82},"10":{"loc":{"start":{"line":111,"column":4},"end":{"line":113,"column":5}},"type":"if","locations":[{"start":{"line":111,"column":4},"end":{"line":113,"column":5}},{"start":{},"end":{}}],"line":111}},"s":{"0":2,"1":2,"2":2,"3":2,"4":2,"5":2,"6":0,"7":2,"8":0,"9":0,"10":0,"11":0,"12":0,"13":0,"14":0,"15":0,"16":0,"17":0,"18":0,"19":0,"20":0,"21":0,"22":0,"23":0,"24":2,"25":0,"26":0,"27":0,"28":0,"29":0,"30":0,"31":0,"32":0,"33":0,"34":0,"35":0,"36":0,"37":0,"38":0,"39":2,"40":0,"41":0,"42":0,"43":0,"44":0,"45":0,"46":2},"f":{"0":0,"1":0,"2":0,"3":0},"b":{"0":[0,0],"1":[0,0],"2":[0,0,0],"3":[0,0],"4":[0,0],"5":[0,0],"6":[0,0],"7":[0,0],"8":[0,0],"9":[0,0],"10":[0,0]},"_coverageSchema":"1a1c01bbd47fc00a2c39e90264f33305004495a9","hash":"3ab329ebc88a73c94b140b9e2638ce22d61ea99b"}
,"C:\\Users\\elias\\Documents\\Bootcamp 2026\\Semana 6\\D4\\lab-postgresql-movie-api\\src\\controllers\\favoritosController.js": {"path":"C:\\Users\\elias\\Documents\\Bootcamp 2026\\Semana 6\\D4\\lab-postgresql-movie-api\\src\\controllers\\favoritosController.js","statementMap":{"0":{"start":{"line":1,"column":13},"end":{"line":1,"column":36}},"1":{"start":{"line":2,"column":17},"end":{"line":2,"column":45}},"2":{"start":{"line":3,"column":32},"end":{"line":3,"column":69}},"3":{"start":{"line":6,"column":23},"end":{"line":29,"column":1}},"4":{"start":{"line":7,"column":2},"end":{"line":28,"column":3}},"5":{"start":{"line":8,"column":23},"end":{"line":8,"column":52}},"6":{"start":{"line":9,"column":22},"end":{"line":9,"column":36}},"7":{"start":{"line":11,"column":4},"end":{"line":11,"column":45}},"8":{"start":{"line":13,"column":4},"end":{"line":24,"column":5}},"9":{"start":{"line":14,"column":23},"end":{"line":17,"column":7}},"10":{"start":{"line":18,"column":6},"end":{"line":18,"column":59}},"11":{"start":{"line":20,"column":6},"end":{"line":22,"column":7}},"12":{"start":{"line":21,"column":8},"end":{"line":21,"column":73}},"13":{"start":{"line":23,"column":6},"end":{"line":23,"column":15}},"14":{"start":{"line":27,"column":4},"end":{"line":27,"column":13}},"15":{"start":{"line":32,"column":23},"end":{"line":50,"column":1}},"16":{"start":{"line":33,"column":2},"end":{"line":49,"column":3}},"17":{"start":{"line":34,"column":23},"end":{"line":34,"column":52}},"18":{"start":{"line":35,"column":22},"end":{"line":35,"column":36}},"19":{"start":{"line":37,"column":25},"end":{"line":40,"column":5}},"20":{"start":{"line":42,"column":4},"end":{"line":44,"column":5}},"21":{"start":{"line":43,"column":6},"end":{"line":43,"column":55}},"22":{"start":{"line":46,"column":4},"end":{"line":46,"column":61}},"23":{"start":{"line":48,"column":4},"end":{"line":48,"column":13}},"24":{"start":{"line":53,"column":24},"end":{"line":70,"column":1}},"25":{"start":{"line":54,"column":2},"end":{"line":69,"column":3}},"26":{"start":{"line":55,"column":22},"end":{"line":55,"column":36}},"27":{"start":{"line":57,"column":21},"end":{"line":64,"column":5}},"28":{"start":{"line":66,"column":4},"end":{"line":66,"column":18}},"29":{"start":{"line":68,"column":4},"end":{"line":68,"column":13}},"30":{"start":{"line":72,"column":0},"end":{"line":72,"column":68}}},"fnMap":{"0":{"name":"(anonymous_0)","decl":{"start":{"line":6,"column":23},"end":{"line":6,"column":24}},"loc":{"start":{"line":6,"column":49},"end":{"line":29,"column":1}},"line":6},"1":{"name":"(anonymous_1)","decl":{"start":{"line":32,"column":23},"end":{"line":32,"column":24}},"loc":{"start":{"line":32,"column":49},"end":{"line":50,"column":1}},"line":32},"2":{"name":"(anonymous_2)","decl":{"start":{"line":53,"column":24},"end":{"line":53,"column":25}},"loc":{"start":{"line":53,"column":50},"end":{"line":70,"column":1}},"line":53}},"branchMap":{"0":{"loc":{"start":{"line":20,"column":6},"end":{"line":22,"column":7}},"type":"if","locations":[{"start":{"line":20,"column":6},"end":{"line":22,"column":7}},{"start":{},"end":{}}],"line":20},"1":{"loc":{"start":{"line":42,"column":4},"end":{"line":44,"column":5}},"type":"if","locations":[{"start":{"line":42,"column":4},"end":{"line":44,"column":5}},{"start":{},"end":{}}],"line":42}},"s":{"0":2,"1":2,"2":2,"3":2,"4":8,"5":8,"6":8,"7":8,"8":7,"9":7,"10":6,"11":1,"12":1,"13":0,"14":2,"15":2,"16":2,"17":2,"18":2,"19":2,"20":2,"21":1,"22":1,"23":1,"24":2,"25":2,"26":2,"27":2,"28":2,"29":0,"30":2},"f":{"0":8,"1":2,"2":2},"b":{"0":[1,0],"1":[1,1]},"_coverageSchema":"1a1c01bbd47fc00a2c39e90264f33305004495a9","hash":"e35f2a7264c78a620b9c64444b0471f0afbeaaa7"}
,"C:\\Users\\elias\\Documents\\Bootcamp 2026\\Semana 6\\D4\\lab-postgresql-movie-api\\src\\controllers\\peliculasController.js": {"path":"C:\\Users\\elias\\Documents\\Bootcamp 2026\\Semana 6\\D4\\lab-postgresql-movie-api\\src\\controllers\\peliculasController.js","statementMap":{"0":{"start":{"line":2,"column":13},"end":{"line":2,"column":36}},"1":{"start":{"line":3,"column":17},"end":{"line":3,"column":45}},"2":{"start":{"line":6,"column":24},"end":{"line":32,"column":1}},"3":{"start":{"line":7,"column":2},"end":{"line":31,"column":3}},"4":{"start":{"line":8,"column":23},"end":{"line":8,"column":32}},"5":{"start":{"line":10,"column":16},"end":{"line":17,"column":5}},"6":{"start":{"line":18,"column":19},"end":{"line":18,"column":21}},"7":{"start":{"line":20,"column":4},"end":{"line":23,"column":5}},"8":{"start":{"line":21,"column":6},"end":{"line":21,"column":35}},"9":{"start":{"line":22,"column":6},"end":{"line":22,"column":25}},"10":{"start":{"line":25,"column":4},"end":{"line":25,"column":33}},"11":{"start":{"line":27,"column":21},"end":{"line":27,"column":52}},"12":{"start":{"line":28,"column":4},"end":{"line":28,"column":18}},"13":{"start":{"line":30,"column":4},"end":{"line":30,"column":13}},"14":{"start":{"line":35,"column":24},"end":{"line":56,"column":1}},"15":{"start":{"line":36,"column":2},"end":{"line":55,"column":3}},"16":{"start":{"line":37,"column":21},"end":{"line":46,"column":5}},"17":{"start":{"line":48,"column":4},"end":{"line":50,"column":5}},"18":{"start":{"line":49,"column":6},"end":{"line":49,"column":55}},"19":{"start":{"line":52,"column":4},"end":{"line":52,"column":21}},"20":{"start":{"line":54,"column":4},"end":{"line":54,"column":13}},"21":{"start":{"line":59,"column":22},"end":{"line":92,"column":1}},"22":{"start":{"line":60,"column":2},"end":{"line":91,"column":3}},"23":{"start":{"line":61,"column":53},"end":{"line":61,"column":61}},"24":{"start":{"line":63,"column":4},"end":{"line":65,"column":5}},"25":{"start":{"line":64,"column":6},"end":{"line":64,"column":63}},"26":{"start":{"line":68,"column":22},"end":{"line":68,"column":26}},"27":{"start":{"line":69,"column":4},"end":{"line":72,"column":5}},"28":{"start":{"line":70,"column":16},"end":{"line":70,"column":91}},"29":{"start":{"line":71,"column":6},"end":{"line":71,"column":55}},"30":{"start":{"line":71,"column":29},"end":{"line":71,"column":55}},"31":{"start":{"line":75,"column":20},"end":{"line":75,"column":24}},"32":{"start":{"line":76,"column":4},"end":{"line":79,"column":5}},"33":{"start":{"line":77,"column":16},"end":{"line":77,"column":84}},"34":{"start":{"line":78,"column":6},"end":{"line":78,"column":53}},"35":{"start":{"line":78,"column":29},"end":{"line":78,"column":53}},"36":{"start":{"line":81,"column":21},"end":{"line":86,"column":5}},"37":{"start":{"line":88,"column":4},"end":{"line":88,"column":33}},"38":{"start":{"line":90,"column":4},"end":{"line":90,"column":13}},"39":{"start":{"line":95,"column":27},"end":{"line":133,"column":1}},"40":{"start":{"line":96,"column":2},"end":{"line":132,"column":3}},"41":{"start":{"line":97,"column":53},"end":{"line":97,"column":61}},"42":{"start":{"line":99,"column":4},"end":{"line":101,"column":5}},"43":{"start":{"line":100,"column":6},"end":{"line":100,"column":63}},"44":{"start":{"line":104,"column":22},"end":{"line":104,"column":26}},"45":{"start":{"line":105,"column":4},"end":{"line":108,"column":5}},"46":{"start":{"line":106,"column":16},"end":{"line":106,"column":91}},"47":{"start":{"line":107,"column":6},"end":{"line":107,"column":55}},"48":{"start":{"line":107,"column":29},"end":{"line":107,"column":55}},"49":{"start":{"line":111,"column":20},"end":{"line":111,"column":24}},"50":{"start":{"line":112,"column":4},"end":{"line":115,"column":5}},"51":{"start":{"line":113,"column":16},"end":{"line":113,"column":84}},"52":{"start":{"line":114,"column":6},"end":{"line":114,"column":53}},"53":{"start":{"line":114,"column":29},"end":{"line":114,"column":53}},"54":{"start":{"line":117,"column":21},"end":{"line":123,"column":5}},"55":{"start":{"line":125,"column":4},"end":{"line":127,"column":5}},"56":{"start":{"line":126,"column":6},"end":{"line":126,"column":55}},"57":{"start":{"line":129,"column":4},"end":{"line":129,"column":21}},"58":{"start":{"line":131,"column":4},"end":{"line":131,"column":13}},"59":{"start":{"line":136,"column":25},"end":{"line":151,"column":1}},"60":{"start":{"line":137,"column":2},"end":{"line":150,"column":3}},"61":{"start":{"line":138,"column":21},"end":{"line":141,"column":5}},"62":{"start":{"line":143,"column":4},"end":{"line":145,"column":5}},"63":{"start":{"line":144,"column":6},"end":{"line":144,"column":55}},"64":{"start":{"line":147,"column":4},"end":{"line":147,"column":66}},"65":{"start":{"line":149,"column":4},"end":{"line":149,"column":13}},"66":{"start":{"line":154,"column":22},"end":{"line":171,"column":1}},"67":{"start":{"line":155,"column":2},"end":{"line":170,"column":3}},"68":{"start":{"line":156,"column":21},"end":{"line":156,"column":100}},"69":{"start":{"line":158,"column":4},"end":{"line":160,"column":5}},"70":{"start":{"line":159,"column":6},"end":{"line":159,"column":55}},"71":{"start":{"line":162,"column":21},"end":{"line":165,"column":5}},"72":{"start":{"line":167,"column":4},"end":{"line":167,"column":66}},"73":{"start":{"line":169,"column":4},"end":{"line":169,"column":13}},"74":{"start":{"line":174,"column":20},"end":{"line":199,"column":1}},"75":{"start":{"line":175,"column":2},"end":{"line":198,"column":3}},"76":{"start":{"line":176,"column":21},"end":{"line":176,"column":96}},"77":{"start":{"line":178,"column":4},"end":{"line":180,"column":5}},"78":{"start":{"line":179,"column":6},"end":{"line":179,"column":55}},"79":{"start":{"line":182,"column":41},"end":{"line":182,"column":49}},"80":{"start":{"line":184,"column":4},"end":{"line":186,"column":5}},"81":{"start":{"line":185,"column":6},"end":{"line":185,"column":75}},"82":{"start":{"line":188,"column":21},"end":{"line":193,"column":5}},"83":{"start":{"line":195,"column":4},"end":{"line":195,"column":33}},"84":{"start":{"line":197,"column":4},"end":{"line":197,"column":13}},"85":{"start":{"line":202,"column":31},"end":{"line":220,"column":1}},"86":{"start":{"line":203,"column":2},"end":{"line":219,"column":3}},"87":{"start":{"line":204,"column":21},"end":{"line":215,"column":6}},"88":{"start":{"line":216,"column":4},"end":{"line":216,"column":18}},"89":{"start":{"line":218,"column":4},"end":{"line":218,"column":13}},"90":{"start":{"line":223,"column":28},"end":{"line":245,"column":1}},"91":{"start":{"line":224,"column":2},"end":{"line":244,"column":3}},"92":{"start":{"line":225,"column":21},"end":{"line":240,"column":6}},"93":{"start":{"line":241,"column":4},"end":{"line":241,"column":18}},"94":{"start":{"line":243,"column":4},"end":{"line":243,"column":13}},"95":{"start":{"line":247,"column":0},"end":{"line":257,"column":1}}},"fnMap":{"0":{"name":"(anonymous_0)","decl":{"start":{"line":6,"column":24},"end":{"line":6,"column":25}},"loc":{"start":{"line":6,"column":50},"end":{"line":32,"column":1}},"line":6},"1":{"name":"(anonymous_1)","decl":{"start":{"line":35,"column":24},"end":{"line":35,"column":25}},"loc":{"start":{"line":35,"column":50},"end":{"line":56,"column":1}},"line":35},"2":{"name":"(anonymous_2)","decl":{"start":{"line":59,"column":22},"end":{"line":59,"column":23}},"loc":{"start":{"line":59,"column":48},"end":{"line":92,"column":1}},"line":59},"3":{"name":"(anonymous_3)","decl":{"start":{"line":95,"column":27},"end":{"line":95,"column":28}},"loc":{"start":{"line":95,"column":53},"end":{"line":133,"column":1}},"line":95},"4":{"name":"(anonymous_4)","decl":{"start":{"line":136,"column":25},"end":{"line":136,"column":26}},"loc":{"start":{"line":136,"column":51},"end":{"line":151,"column":1}},"line":136},"5":{"name":"(anonymous_5)","decl":{"start":{"line":154,"column":22},"end":{"line":154,"column":23}},"loc":{"start":{"line":154,"column":48},"end":{"line":171,"column":1}},"line":154},"6":{"name":"(anonymous_6)","decl":{"start":{"line":174,"column":20},"end":{"line":174,"column":21}},"loc":{"start":{"line":174,"column":46},"end":{"line":199,"column":1}},"line":174},"7":{"name":"(anonymous_7)","decl":{"start":{"line":202,"column":31},"end":{"line":202,"column":32}},"loc":{"start":{"line":202,"column":57},"end":{"line":220,"column":1}},"line":202},"8":{"name":"(anonymous_8)","decl":{"start":{"line":223,"column":28},"end":{"line":223,"column":29}},"loc":{"start":{"line":223,"column":54},"end":{"line":245,"column":1}},"line":223}},"branchMap":{"0":{"loc":{"start":{"line":20,"column":4},"end":{"line":23,"column":5}},"type":"if","locations":[{"start":{"line":20,"column":4},"end":{"line":23,"column":5}},{"start":{},"end":{}}],"line":20},"1":{"loc":{"start":{"line":48,"column":4},"end":{"line":50,"column":5}},"type":"if","locations":[{"start":{"line":48,"column":4},"end":{"line":50,"column":5}},{"start":{},"end":{}}],"line":48},"2":{"loc":{"start":{"line":63,"column":4},"end":{"line":65,"column":5}},"type":"if","locations":[{"start":{"line":63,"column":4},"end":{"line":65,"column":5}},{"start":{},"end":{}}],"line":63},"3":{"loc":{"start":{"line":63,"column":8},"end":{"line":63,"column":24}},"type":"binary-expr","locations":[{"start":{"line":63,"column":8},"end":{"line":63,"column":15}},{"start":{"line":63,"column":19},"end":{"line":63,"column":24}}],"line":63},"4":{"loc":{"start":{"line":69,"column":4},"end":{"line":72,"column":5}},"type":"if","locations":[{"start":{"line":69,"column":4},"end":{"line":72,"column":5}},{"start":{},"end":{}}],"line":69},"5":{"loc":{"start":{"line":71,"column":6},"end":{"line":71,"column":55}},"type":"if","locations":[{"start":{"line":71,"column":6},"end":{"line":71,"column":55}},{"start":{},"end":{}}],"line":71},"6":{"loc":{"start":{"line":76,"column":4},"end":{"line":79,"column":5}},"type":"if","locations":[{"start":{"line":76,"column":4},"end":{"line":79,"column":5}},{"start":{},"end":{}}],"line":76},"7":{"loc":{"start":{"line":78,"column":6},"end":{"line":78,"column":53}},"type":"if","locations":[{"start":{"line":78,"column":6},"end":{"line":78,"column":53}},{"start":{},"end":{}}],"line":78},"8":{"loc":{"start":{"line":85,"column":21},"end":{"line":85,"column":33}},"type":"binary-expr","locations":[{"start":{"line":85,"column":21},"end":{"line":85,"column":25}},{"start":{"line":85,"column":29},"end":{"line":85,"column":33}}],"line":85},"9":{"loc":{"start":{"line":99,"column":4},"end":{"line":101,"column":5}},"type":"if","locations":[{"start":{"line":99,"column":4},"end":{"line":101,"column":5}},{"start":{},"end":{}}],"line":99},"10":{"loc":{"start":{"line":99,"column":8},"end":{"line":99,"column":24}},"type":"binary-expr","locations":[{"start":{"line":99,"column":8},"end":{"line":99,"column":15}},{"start":{"line":99,"column":19},"end":{"line":99,"column":24}}],"line":99},"11":{"loc":{"start":{"line":105,"column":4},"end":{"line":108,"column":5}},"type":"if","locations":[{"start":{"line":105,"column":4},"end":{"line":108,"column":5}},{"start":{},"end":{}}],"line":105},"12":{"loc":{"start":{"line":107,"column":6},"end":{"line":107,"column":55}},"type":"if","locations":[{"start":{"line":107,"column":6},"end":{"line":107,"column":55}},{"start":{},"end":{}}],"line":107},"13":{"loc":{"start":{"line":112,"column":4},"end":{"line":115,"column":5}},"type":"if","locations":[{"start":{"line":112,"column":4},"end":{"line":115,"column":5}},{"start":{},"end":{}}],"line":112},"14":{"loc":{"start":{"line":114,"column":6},"end":{"line":114,"column":53}},"type":"if","locations":[{"start":{"line":114,"column":6},"end":{"line":114,"column":53}},{"start":{},"end":{}}],"line":114},"15":{"loc":{"start":{"line":122,"column":21},"end":{"line":122,"column":33}},"type":"binary-expr","locations":[{"start":{"line":122,"column":21},"end":{"line":122,"column":25}},{"start":{"line":122,"column":29},"end":{"line":122,"column":33}}],"line":122},"16":{"loc":{"start":{"line":125,"column":4},"end":{"line":127,"column":5}},"type":"if","locations":[{"start":{"line":125,"column":4},"end":{"line":127,"column":5}},{"start":{},"end":{}}],"line":125},"17":{"loc":{"start":{"line":143,"column":4},"end":{"line":145,"column":5}},"type":"if","locations":[{"start":{"line":143,"column":4},"end":{"line":145,"column":5}},{"start":{},"end":{}}],"line":143},"18":{"loc":{"start":{"line":158,"column":4},"end":{"line":160,"column":5}},"type":"if","locations":[{"start":{"line":158,"column":4},"end":{"line":160,"column":5}},{"start":{},"end":{}}],"line":158},"19":{"loc":{"start":{"line":178,"column":4},"end":{"line":180,"column":5}},"type":"if","locations":[{"start":{"line":178,"column":4},"end":{"line":180,"column":5}},{"start":{},"end":{}}],"line":178},"20":{"loc":{"start":{"line":184,"column":4},"end":{"line":186,"column":5}},"type":"if","locations":[{"start":{"line":184,"column":4},"end":{"line":186,"column":5}},{"start":{},"end":{}}],"line":184},"21":{"loc":{"start":{"line":184,"column":8},"end":{"line":184,"column":52}},"type":"binary-expr","locations":[{"start":{"line":184,"column":8},"end":{"line":184,"column":14}},{"start":{"line":184,"column":18},"end":{"line":184,"column":24}},{"start":{"line":184,"column":28},"end":{"line":184,"column":52}}],"line":184}},"s":{"0":2,"1":2,"2":2,"3":0,"4":0,"5":0,"6":0,"7":0,"8":0,"9":0,"10":0,"11":0,"12":0,"13":0,"14":2,"15":0,"16":0,"17":0,"18":0,"19":0,"20":0,"21":2,"22":0,"23":0,"24":0,"25":0,"26":0,"27":0,"28":0,"29":0,"30":0,"31":0,"32":0,"33":0,"34":0,"35":0,"36":0,"37":0,"38":0,"39":2,"40":0,"41":0,"42":0,"43":0,"44":0,"45":0,"46":0,"47":0,"48":0,"49":0,"50":0,"51":0,"52":0,"53":0,"54":0,"55":0,"56":0,"57":0,"58":0,"59":2,"60":0,"61":0,"62":0,"63":0,"64":0,"65":0,"66":2,"67":0,"68":0,"69":0,"70":0,"71":0,"72":0,"73":0,"74":2,"75":0,"76":0,"77":0,"78":0,"79":0,"80":0,"81":0,"82":0,"83":0,"84":0,"85":2,"86":0,"87":0,"88":0,"89":0,"90":2,"91":0,"92":0,"93":0,"94":0,"95":2},"f":{"0":0,"1":0,"2":0,"3":0,"4":0,"5":0,"6":0,"7":0,"8":0},"b":{"0":[0,0],"1":[0,0],"2":[0,0],"3":[0,0],"4":[0,0],"5":[0,0],"6":[0,0],"7":[0,0],"8":[0,0],"9":[0,0],"10":[0,0],"11":[0,0],"12":[0,0],"13":[0,0],"14":[0,0],"15":[0,0],"16":[0,0],"17":[0,0],"18":[0,0],"19":[0,0],"20":[0,0],"21":[0,0,0]},"_coverageSchema":"1a1c01bbd47fc00a2c39e90264f33305004495a9","hash":"db1d6a25e1c178c7a2f0cc23cf533d8a7a92a5a8"}
,"C:\\Users\\elias\\Documents\\Bootcamp 2026\\Semana 6\\D4\\lab-postgresql-movie-api\\src\\middleware\\verificarRol.js": {"path":"C:\\Users\\elias\\Documents\\Bootcamp 2026\\Semana 6\\D4\\lab-postgresql-movie-api\\src\\middleware\\verificarRol.js","statementMap":{"0":{"start":{"line":1,"column":17},"end":{"line":1,"column":45}},"1":{"start":{"line":4,"column":21},"end":{"line":19,"column":1}},"2":{"start":{"line":5,"column":2},"end":{"line":18,"column":3}},"3":{"start":{"line":6,"column":4},"end":{"line":8,"column":5}},"4":{"start":{"line":7,"column":6},"end":{"line":7,"column":54}},"5":{"start":{"line":10,"column":4},"end":{"line":15,"column":5}},"6":{"start":{"line":11,"column":6},"end":{"line":14,"column":8}},"7":{"start":{"line":17,"column":4},"end":{"line":17,"column":10}},"8":{"start":{"line":21,"column":0},"end":{"line":21,"column":29}}},"fnMap":{"0":{"name":"(anonymous_0)","decl":{"start":{"line":4,"column":21},"end":{"line":4,"column":22}},"loc":{"start":{"line":4,"column":45},"end":{"line":19,"column":1}},"line":4},"1":{"name":"(anonymous_1)","decl":{"start":{"line":5,"column":9},"end":{"line":5,"column":10}},"loc":{"start":{"line":5,"column":29},"end":{"line":18,"column":3}},"line":5}},"branchMap":{"0":{"loc":{"start":{"line":6,"column":4},"end":{"line":8,"column":5}},"type":"if","locations":[{"start":{"line":6,"column":4},"end":{"line":8,"column":5}},{"start":{},"end":{}}],"line":6},"1":{"loc":{"start":{"line":10,"column":4},"end":{"line":15,"column":5}},"type":"if","locations":[{"start":{"line":10,"column":4},"end":{"line":15,"column":5}},{"start":{},"end":{}}],"line":10}},"s":{"0":2,"1":2,"2":4,"3":0,"4":0,"5":0,"6":0,"7":0,"8":2},"f":{"0":4,"1":0},"b":{"0":[0,0],"1":[0,0]},"_coverageSchema":"1a1c01bbd47fc00a2c39e90264f33305004495a9","hash":"042de2420422853adec86fbe1978085147054247"}
,"C:\\Users\\elias\\Documents\\Bootcamp 2026\\Semana 6\\D4\\lab-postgresql-movie-api\\src\\middleware\\verificarToken.js": {"path":"C:\\Users\\elias\\Documents\\Bootcamp 2026\\Semana 6\\D4\\lab-postgresql-movie-api\\src\\middleware\\verificarToken.js","statementMap":{"0":{"start":{"line":1,"column":12},"end":{"line":1,"column":35}},"1":{"start":{"line":2,"column":17},"end":{"line":2,"column":45}},"2":{"start":{"line":4,"column":23},"end":{"line":23,"column":1}},"3":{"start":{"line":5,"column":21},"end":{"line":5,"column":46}},"4":{"start":{"line":7,"column":2},"end":{"line":9,"column":3}},"5":{"start":{"line":8,"column":4},"end":{"line":8,"column":60}},"6":{"start":{"line":11,"column":16},"end":{"line":11,"column":40}},"7":{"start":{"line":13,"column":2},"end":{"line":22,"column":3}},"8":{"start":{"line":14,"column":20},"end":{"line":14,"column":61}},"9":{"start":{"line":15,"column":4},"end":{"line":15,"column":25}},"10":{"start":{"line":16,"column":4},"end":{"line":16,"column":10}},"11":{"start":{"line":18,"column":4},"end":{"line":20,"column":5}},"12":{"start":{"line":19,"column":6},"end":{"line":19,"column":54}},"13":{"start":{"line":21,"column":4},"end":{"line":21,"column":52}},"14":{"start":{"line":25,"column":0},"end":{"line":25,"column":31}}},"fnMap":{"0":{"name":"(anonymous_0)","decl":{"start":{"line":4,"column":23},"end":{"line":4,"column":24}},"loc":{"start":{"line":4,"column":43},"end":{"line":23,"column":1}},"line":4}},"branchMap":{"0":{"loc":{"start":{"line":7,"column":2},"end":{"line":9,"column":3}},"type":"if","locations":[{"start":{"line":7,"column":2},"end":{"line":9,"column":3}},{"start":{},"end":{}}],"line":7},"1":{"loc":{"start":{"line":7,"column":6},"end":{"line":7,"column":54}},"type":"binary-expr","locations":[{"start":{"line":7,"column":6},"end":{"line":7,"column":17}},{"start":{"line":7,"column":21},"end":{"line":7,"column":54}}],"line":7},"2":{"loc":{"start":{"line":18,"column":4},"end":{"line":20,"column":5}},"type":"if","locations":[{"start":{"line":18,"column":4},"end":{"line":20,"column":5}},{"start":{},"end":{}}],"line":18}},"s":{"0":2,"1":2,"2":2,"3":17,"4":17,"5":3,"6":14,"7":14,"8":14,"9":12,"10":12,"11":2,"12":1,"13":1,"14":2},"f":{"0":17},"b":{"0":[3,14],"1":[17,15],"2":[1,1]},"_coverageSchema":"1a1c01bbd47fc00a2c39e90264f33305004495a9","hash":"bf0205bececc7e677209b6ba7e4e6d8459298ece"}
,"C:\\Users\\elias\\Documents\\Bootcamp 2026\\Semana 6\\D4\\lab-postgresql-movie-api\\src\\routes\\auth.js": {"path":"C:\\Users\\elias\\Documents\\Bootcamp 2026\\Semana 6\\D4\\lab-postgresql-movie-api\\src\\routes\\auth.js","statementMap":{"0":{"start":{"line":1,"column":19},"end":{"line":1,"column":37}},"1":{"start":{"line":2,"column":15},"end":{"line":2,"column":23}},"2":{"start":{"line":3,"column":36},"end":{"line":3,"column":76}},"3":{"start":{"line":4,"column":23},"end":{"line":4,"column":62}},"4":{"start":{"line":6,"column":0},"end":{"line":6,"column":34}},"5":{"start":{"line":7,"column":0},"end":{"line":7,"column":28}},"6":{"start":{"line":8,"column":0},"end":{"line":8,"column":45}},"7":{"start":{"line":10,"column":0},"end":{"line":10,"column":23}}},"fnMap":{},"branchMap":{},"s":{"0":2,"1":2,"2":2,"3":2,"4":2,"5":2,"6":2,"7":2},"f":{},"b":{},"_coverageSchema":"1a1c01bbd47fc00a2c39e90264f33305004495a9","hash":"b87a119b1a93fdf5e15ed49b43199d4b9fbb758d"}
,"C:\\Users\\elias\\Documents\\Bootcamp 2026\\Semana 6\\D4\\lab-postgresql-movie-api\\src\\routes\\favoritos.js": {"path":"C:\\Users\\elias\\Documents\\Bootcamp 2026\\Semana 6\\D4\\lab-postgresql-movie-api\\src\\routes\\favoritos.js","statementMap":{"0":{"start":{"line":1,"column":19},"end":{"line":1,"column":37}},"1":{"start":{"line":2,"column":15},"end":{"line":2,"column":23}},"2":{"start":{"line":3,"column":23},"end":{"line":3,"column":62}},"3":{"start":{"line":4,"column":60},"end":{"line":4,"column":105}},"4":{"start":{"line":6,"column":0},"end":{"line":6,"column":26}},"5":{"start":{"line":8,"column":0},"end":{"line":8,"column":43}},"6":{"start":{"line":9,"column":0},"end":{"line":9,"column":45}},"7":{"start":{"line":10,"column":0},"end":{"line":10,"column":32}},"8":{"start":{"line":12,"column":0},"end":{"line":12,"column":23}}},"fnMap":{},"branchMap":{},"s":{"0":2,"1":2,"2":2,"3":2,"4":2,"5":2,"6":2,"7":2,"8":2},"f":{},"b":{},"_coverageSchema":"1a1c01bbd47fc00a2c39e90264f33305004495a9","hash":"b7c534b92509628ba1659c8afaf181920f86b20f"}
,"C:\\Users\\elias\\Documents\\Bootcamp 2026\\Semana 6\\D4\\lab-postgresql-movie-api\\src\\routes\\peliculas.js": {"path":"C:\\Users\\elias\\Documents\\Bootcamp 2026\\Semana 6\\D4\\lab-postgresql-movie-api\\src\\routes\\peliculas.js","statementMap":{"0":{"start":{"line":1,"column":19},"end":{"line":1,"column":37}},"1":{"start":{"line":2,"column":15},"end":{"line":2,"column":23}},"2":{"start":{"line":3,"column":23},"end":{"line":3,"column":62}},"3":{"start":{"line":4,"column":21},"end":{"line":4,"column":61}},"4":{"start":{"line":13,"column":4},"end":{"line":13,"column":49}},"5":{"start":{"line":16,"column":0},"end":{"line":16,"column":32}},"6":{"start":{"line":17,"column":0},"end":{"line":17,"column":35}},"7":{"start":{"line":18,"column":0},"end":{"line":18,"column":41}},"8":{"start":{"line":21,"column":0},"end":{"line":21,"column":47}},"9":{"start":{"line":22,"column":0},"end":{"line":22,"column":56}},"10":{"start":{"line":25,"column":0},"end":{"line":25,"column":77}},"11":{"start":{"line":26,"column":0},"end":{"line":26,"column":78}},"12":{"start":{"line":28,"column":0},"end":{"line":28,"column":23}}},"fnMap":{},"branchMap":{},"s":{"0":2,"1":2,"2":2,"3":2,"4":2,"5":2,"6":2,"7":2,"8":2,"9":2,"10":2,"11":2,"12":2},"f":{},"b":{},"_coverageSchema":"1a1c01bbd47fc00a2c39e90264f33305004495a9","hash":"14f5b5e0a29ed80be8c126f2ff43f2a6ec76388e"}
,"C:\\Users\\elias\\Documents\\Bootcamp 2026\\Semana 6\\D4\\lab-postgresql-movie-api\\src\\utils\\AppError.js": {"path":"C:\\Users\\elias\\Documents\\Bootcamp 2026\\Semana 6\\D4\\lab-postgresql-movie-api\\src\\utils\\AppError.js","statementMap":{"0":{"start":{"line":3,"column":4},"end":{"line":3,"column":18}},"1":{"start":{"line":4,"column":4},"end":{"line":4,"column":32}},"2":{"start":{"line":8,"column":0},"end":{"line":8,"column":25}}},"fnMap":{"0":{"name":"(anonymous_0)","decl":{"start":{"line":2,"column":2},"end":{"line":2,"column":3}},"loc":{"start":{"line":2,"column":35},"end":{"line":5,"column":3}},"line":2}},"branchMap":{},"s":{"0":8,"1":8,"2":2},"f":{"0":8},"b":{},"_coverageSchema":"1a1c01bbd47fc00a2c39e90264f33305004495a9","hash":"fb90a19d597c483cc03eeb4a3686052f3a344caf"}
,"C:\\Users\\elias\\Documents\\Bootcamp 2026\\Semana 6\\D4\\lab-postgresql-movie-api\\src\\utils\\verificarPelicula.js": {"path":"C:\\Users\\elias\\Documents\\Bootcamp 2026\\Semana 6\\D4\\lab-postgresql-movie-api\\src\\utils\\verificarPelicula.js","statementMap":{"0":{"start":{"line":1,"column":13},"end":{"line":1,"column":36}},"1":{"start":{"line":2,"column":17},"end":{"line":2,"column":38}},"2":{"start":{"line":4,"column":32},"end":{"line":10,"column":1}},"3":{"start":{"line":5,"column":17},"end":{"line":5,"column":89}},"4":{"start":{"line":6,"column":2},"end":{"line":8,"column":3}},"5":{"start":{"line":7,"column":4},"end":{"line":7,"column":53}},"6":{"start":{"line":9,"column":2},"end":{"line":9,"column":23}},"7":{"start":{"line":12,"column":0},"end":{"line":12,"column":40}}},"fnMap":{"0":{"name":"(anonymous_0)","decl":{"start":{"line":4,"column":32},"end":{"line":4,"column":33}},"loc":{"start":{"line":4,"column":54},"end":{"line":10,"column":1}},"line":4}},"branchMap":{"0":{"loc":{"start":{"line":6,"column":2},"end":{"line":8,"column":3}},"type":"if","locations":[{"start":{"line":6,"column":2},"end":{"line":8,"column":3}},{"start":{},"end":{}}],"line":6}},"s":{"0":2,"1":2,"2":2,"3":8,"4":8,"5":1,"6":7,"7":2},"f":{"0":8},"b":{"0":[1,7]},"_coverageSchema":"1a1c01bbd47fc00a2c39e90264f33305004495a9","hash":"7f845e24c95dbf010c22fb113bd9cc481140831c"}
}
