TN:
SF:index.js
FN:20,(anonymous_0)
FN:25,(anonymous_1)
FN:31,(anonymous_2)
FN:36,(anonymous_3)
FNF:4
FNH:1
FNDA:0,(anonymous_0)
FNDA:8,(anonymous_1)
FNDA:0,(anonymous_2)
FNDA:0,(anonymous_3)
DA:2,2
DA:3,2
DA:5,2
DA:6,2
DA:9,2
DA:12,2
DA:13,2
DA:14,2
DA:16,2
DA:17,2
DA:18,2
DA:20,2
DA:21,0
DA:25,2
DA:26,8
DA:27,8
DA:31,2
DA:32,0
DA:35,2
DA:36,0
DA:37,0
DA:41,2
LF:22
LH:18
BRDA:6,0,0,2
BRDA:6,0,1,0
BRDA:26,1,0,8
BRDA:26,1,1,0
BRDA:35,2,0,0
BRDA:35,2,1,2
BRF:6
BRH:3
end_of_record
TN:
SF:src\__tests__\helpers.js
FN:5,(anonymous_0)
FN:22,(anonymous_1)
FNF:2
FNH:2
FNDA:8,(anonymous_0)
FNDA:8,(anonymous_1)
DA:1,1
DA:2,1
DA:3,1
DA:5,1
DA:6,8
DA:7,8
DA:13,8
DA:14,8
DA:19,8
DA:22,1
DA:23,8
DA:27,8
DA:30,1
LF:13
LH:13
BRDA:5,0,0,6
BRDA:5,1,0,8
BRDA:5,2,0,6
BRDA:5,3,0,8
BRDA:5,4,0,8
BRDA:16,5,0,8
BRDA:16,5,1,0
BRDA:22,6,0,6
BRDA:22,7,0,6
BRDA:22,8,0,8
BRDA:22,9,0,8
BRF:11
BRH:10
end_of_record
TN:
SF:src\config\db.js
FNF:0
FNH:0
DA:1,2
DA:3,2
DA:13,2
LF:3
LH:3
BRDA:4,0,0,2
BRDA:4,0,1,0
BRDA:5,1,0,2
BRDA:5,1,1,0
BRDA:6,2,0,2
BRDA:6,2,1,0
BRF:6
BRH:3
end_of_record
TN:
SF:src\controllers\authController.js
FN:8,(anonymous_0)
FN:21,(anonymous_1)
FN:62,(anonymous_2)
FN:104,(anonymous_3)
FNF:4
FNH:0
FNDA:0,(anonymous_0)
FNDA:0,(anonymous_1)
FNDA:0,(anonymous_2)
FNDA:0,(anonymous_3)
DA:1,2
DA:2,2
DA:3,2
DA:4,2
DA:6,2
DA:8,2
DA:9,0
DA:21,2
DA:22,0
DA:23,0
DA:25,0
DA:26,0
DA:29,0
DA:30,0
DA:34,0
DA:35,0
DA:36,0
DA:39,0
DA:42,0
DA:44,0
DA:51,0
DA:52,0
DA:54,0
DA:57,0
DA:62,2
DA:63,0
DA:64,0
DA:66,0
DA:67,0
DA:70,0
DA:75,0
DA:76,0
DA:79,0
DA:80,0
DA:82,0
DA:83,0
DA:86,0
DA:88,0
DA:99,0
DA:104,2
DA:105,0
DA:106,0
DA:111,0
DA:112,0
DA:115,0
DA:117,0
DA:121,2
LF:47
LH:10
BRDA:16,0,0,0
BRDA:16,0,1,0
BRDA:25,1,0,0
BRDA:25,1,1,0
BRDA:25,2,0,0
BRDA:25,2,1,0
BRDA:25,2,2,0
BRDA:29,3,0,0
BRDA:29,3,1,0
BRDA:35,4,0,0
BRDA:35,4,1,0
BRDA:42,5,0,0
BRDA:42,5,1,0
BRDA:66,6,0,0
BRDA:66,6,1,0
BRDA:66,7,0,0
BRDA:66,7,1,0
BRDA:75,8,0,0
BRDA:75,8,1,0
BRDA:82,9,0,0
BRDA:82,9,1,0
BRDA:111,10,0,0
BRDA:111,10,1,0
BRF:23
BRH:0
end_of_record
TN:
SF:src\controllers\favoritosController.js
FN:6,(anonymous_0)
FN:32,(anonymous_1)
FN:53,(anonymous_2)
FNF:3
FNH:3
FNDA:8,(anonymous_0)
FNDA:2,(anonymous_1)
FNDA:2,(anonymous_2)
DA:1,2
DA:2,2
DA:3,2
DA:6,2
DA:7,8
DA:8,8
DA:9,8
DA:11,8
DA:13,7
DA:14,7
DA:18,6
DA:20,1
DA:21,1
DA:23,0
DA:27,2
DA:32,2
DA:33,2
DA:34,2
DA:35,2
DA:37,2
DA:42,2
DA:43,1
DA:46,1
DA:48,1
DA:53,2
DA:54,2
DA:55,2
DA:57,2
DA:66,2
DA:68,0
DA:72,2
LF:31
LH:29
BRDA:20,0,0,1
BRDA:20,0,1,0
BRDA:42,1,0,1
BRDA:42,1,1,1
BRF:4
BRH:3
end_of_record
TN:
SF:src\controllers\peliculasController.js
FN:6,(anonymous_0)
FN:35,(anonymous_1)
FN:59,(anonymous_2)
FN:95,(anonymous_3)
FN:136,(anonymous_4)
FN:154,(anonymous_5)
FN:174,(anonymous_6)
FN:202,(anonymous_7)
FN:223,(anonymous_8)
FNF:9
FNH:0
FNDA:0,(anonymous_0)
FNDA:0,(anonymous_1)
FNDA:0,(anonymous_2)
FNDA:0,(anonymous_3)
FNDA:0,(anonymous_4)
FNDA:0,(anonymous_5)
FNDA:0,(anonymous_6)
FNDA:0,(anonymous_7)
FNDA:0,(anonymous_8)
DA:2,2
DA:3,2
DA:6,2
DA:7,0
DA:8,0
DA:10,0
DA:18,0
DA:20,0
DA:21,0
DA:22,0
DA:25,0
DA:27,0
DA:28,0
DA:30,0
DA:35,2
DA:36,0
DA:37,0
DA:48,0
DA:49,0
DA:52,0
DA:54,0
DA:59,2
DA:60,0
DA:61,0
DA:63,0
DA:64,0
DA:68,0
DA:69,0
DA:70,0
DA:71,0
DA:75,0
DA:76,0
DA:77,0
DA:78,0
DA:81,0
DA:88,0
DA:90,0
DA:95,2
DA:96,0
DA:97,0
DA:99,0
DA:100,0
DA:104,0
DA:105,0
DA:106,0
DA:107,0
DA:111,0
DA:112,0
DA:113,0
DA:114,0
DA:117,0
DA:125,0
DA:126,0
DA:129,0
DA:131,0
DA:136,2
DA:137,0
DA:138,0
DA:143,0
DA:144,0
DA:147,0
DA:149,0
DA:154,2
DA:155,0
DA:156,0
DA:158,0
DA:159,0
DA:162,0
DA:167,0
DA:169,0
DA:174,2
DA:175,0
DA:176,0
DA:178,0
DA:179,0
DA:182,0
DA:184,0
DA:185,0
DA:188,0
DA:195,0
DA:197,0
DA:202,2
DA:203,0
DA:204,0
DA:216,0
DA:218,0
DA:223,2
DA:224,0
DA:225,0
DA:241,0
DA:243,0
DA:247,2
LF:92
LH:12
BRDA:20,0,0,0
BRDA:20,0,1,0
BRDA:48,1,0,0
BRDA:48,1,1,0
BRDA:63,2,0,0
BRDA:63,2,1,0
BRDA:63,3,0,0
BRDA:63,3,1,0
BRDA:69,4,0,0
BRDA:69,4,1,0
BRDA:71,5,0,0
BRDA:71,5,1,0
BRDA:76,6,0,0
BRDA:76,6,1,0
BRDA:78,7,0,0
BRDA:78,7,1,0
BRDA:85,8,0,0
BRDA:85,8,1,0
BRDA:99,9,0,0
BRDA:99,9,1,0
BRDA:99,10,0,0
BRDA:99,10,1,0
BRDA:105,11,0,0
BRDA:105,11,1,0
BRDA:107,12,0,0
BRDA:107,12,1,0
BRDA:112,13,0,0
BRDA:112,13,1,0
BRDA:114,14,0,0
BRDA:114,14,1,0
BRDA:122,15,0,0
BRDA:122,15,1,0
BRDA:125,16,0,0
BRDA:125,16,1,0
BRDA:143,17,0,0
BRDA:143,17,1,0
BRDA:158,18,0,0
BRDA:158,18,1,0
BRDA:178,19,0,0
BRDA:178,19,1,0
BRDA:184,20,0,0
BRDA:184,20,1,0
BRDA:184,21,0,0
BRDA:184,21,1,0
BRDA:184,21,2,0
BRF:45
BRH:0
end_of_record
TN:
SF:src\middleware\verificarRol.js
FN:4,(anonymous_0)
FN:5,(anonymous_1)
FNF:2
FNH:1
FNDA:4,(anonymous_0)
FNDA:0,(anonymous_1)
DA:1,2
DA:4,2
DA:5,4
DA:6,0
DA:7,0
DA:10,0
DA:11,0
DA:17,0
DA:21,2
LF:9
LH:4
BRDA:6,0,0,0
BRDA:6,0,1,0
BRDA:10,1,0,0
BRDA:10,1,1,0
BRF:4
BRH:0
end_of_record
TN:
SF:src\middleware\verificarToken.js
FN:4,(anonymous_0)
FNF:1
FNH:1
FNDA:17,(anonymous_0)
DA:1,2
DA:2,2
DA:4,2
DA:5,17
DA:7,17
DA:8,3
DA:11,14
DA:13,14
DA:14,14
DA:15,12
DA:16,12
DA:18,2
DA:19,1
DA:21,1
DA:25,2
LF:15
LH:15
BRDA:7,0,0,3
BRDA:7,0,1,14
BRDA:7,1,0,17
BRDA:7,1,1,15
BRDA:18,2,0,1
BRDA:18,2,1,1
BRF:6
BRH:6
end_of_record
TN:
SF:src\routes\auth.js
FNF:0
FNH:0
DA:1,2
DA:2,2
DA:3,2
DA:4,2
DA:6,2
DA:7,2
DA:8,2
DA:10,2
LF:8
LH:8
BRF:0
BRH:0
end_of_record
TN:
SF:src\routes\favoritos.js
FNF:0
FNH:0
DA:1,2
DA:2,2
DA:3,2
DA:4,2
DA:6,2
DA:8,2
DA:9,2
DA:10,2
DA:12,2
LF:9
LH:9
BRF:0
BRH:0
end_of_record
TN:
SF:src\routes\peliculas.js
FNF:0
FNH:0
DA:1,2
DA:2,2
DA:3,2
DA:4,2
DA:13,2
DA:16,2
DA:17,2
DA:18,2
DA:21,2
DA:22,2
DA:25,2
DA:26,2
DA:28,2
LF:13
LH:13
BRF:0
BRH:0
end_of_record
TN:
SF:src\utils\AppError.js
FN:2,(anonymous_0)
FNF:1
FNH:1
FNDA:8,(anonymous_0)
DA:3,8
DA:4,8
DA:8,2
LF:3
LH:3
BRF:0
BRH:0
end_of_record
TN:
SF:src\utils\verificarPelicula.js
FN:4,(anonymous_0)
FNF:1
FNH:1
FNDA:8,(anonymous_0)
DA:1,2
DA:2,2
DA:4,2
DA:5,8
DA:6,8
DA:7,1
DA:9,7
DA:12,2
LF:8
LH:8
BRDA:6,0,0,1
BRDA:6,0,1,7
BRF:2
BRH:2
end_of_record
